<?xml version="1.0" encoding="UTF-8"?>
<!-- Generated by org.testng.reporters.JUnitReportReporter -->
<testsuite skipped="0" hostname="LAPTOP-5J3Q3F58" name="com.SFI.tests.Katalon_Login1" tests="1" failures="0" timestamp="2020-10-19T15:49:42 IST" time="8.572" errors="0">
  <testcase name="testUntitledTestCase" time="8.572" classname="com.SFI.tests.Katalon_Login1"/>
  <system-out/>
</testsuite> <!-- com.SFI.tests.Katalon_Login1 -->
